This is pdfTeX, Version 3.141592653-2.6-1.40.25 (TeX Live 2023) (preloaded format=pdflatex 2023.4.6)  22 MAY 2023 13:09
entering extended mode
 restricted \write18 enabled.
 file:line:error style messages enabled.
 %&-line parsing enabled.
**/Users/michaelmaloney/Desktop/CodeSpace/oap-operations-advising-system/docs/paper/final.tex
(/Users/michaelmaloney/Desktop/CodeSpace/oap-operations-advising-system/docs/paper/final.tex
LaTeX2e <2022-11-01> patch level 1
L3 programming layer <2023-02-22> (/usr/local/texlive/2023/texmf-dist/tex/latex/base/article.cls
Document Class: article 2022/07/02 v1.4n Standard LaTeX document class
(/usr/local/texlive/2023/texmf-dist/tex/latex/base/size12.clo
File: size12.clo 2022/07/02 v1.4n Standard LaTeX file (size option)
)
\c@part=\count185
\c@section=\count186
\c@subsection=\count187
\c@subsubsection=\count188
\c@paragraph=\count189
\c@subparagraph=\count190
\c@figure=\count191
\c@table=\count192
\abovecaptionskip=\skip48
\belowcaptionskip=\skip49
\bibindent=\dimen140
) (/usr/local/texlive/2023/texmf-dist/tex/latex/titlesec/titlesec.sty
Package: titlesec 2021/07/05 v2.14 Sectioning titles
\ttl@box=\box51
\beforetitleunit=\skip50
\aftertitleunit=\skip51
\ttl@plus=\dimen141
\ttl@minus=\dimen142
\ttl@toksa=\toks16
\titlewidth=\dimen143
\titlewidthlast=\dimen144
\titlewidthfirst=\dimen145
) (/usr/local/texlive/2023/texmf-dist/tex/latex/hyperref/hyperref.sty
Package: hyperref 2023-02-07 v7.00v Hypertext links for LaTeX
 (/usr/local/texlive/2023/texmf-dist/tex/generic/ltxcmds/ltxcmds.sty
Package: ltxcmds 2020-05-10 v1.25 LaTeX kernel commands for general use (HO)
) (/usr/local/texlive/2023/texmf-dist/tex/generic/iftex/iftex.sty
Package: iftex 2022/02/03 v1.0f TeX engine tests
) (/usr/local/texlive/2023/texmf-dist/tex/generic/pdftexcmds/pdftexcmds.sty
Package: pdftexcmds 2020-06-27 v0.33 Utility functions of pdfTeX for LuaTeX (HO)
 (/usr/local/texlive/2023/texmf-dist/tex/generic/infwarerr/infwarerr.sty
Package: infwarerr 2019/12/03 v1.5 Providing info/warning/error messages (HO)
)
Package pdftexcmds Info: \pdf@primitive is available.
Package pdftexcmds Info: \pdf@ifprimitive is available.
Package pdftexcmds Info: \pdfdraftmode found.
) (/usr/local/texlive/2023/texmf-dist/tex/latex/graphics/keyval.sty
Package: keyval 2022/05/29 v1.15 key=value parser (DPC)
\KV@toks@=\toks17
) (/usr/local/texlive/2023/texmf-dist/tex/latex/kvsetkeys/kvsetkeys.sty
Package: kvsetkeys 2022-10-05 v1.19 Key value parser (HO)
) (/usr/local/texlive/2023/texmf-dist/tex/generic/kvdefinekeys/kvdefinekeys.sty
Package: kvdefinekeys 2019-12-19 v1.6 Define keys (HO)
) (/usr/local/texlive/2023/texmf-dist/tex/generic/pdfescape/pdfescape.sty
Package: pdfescape 2019/12/09 v1.15 Implements pdfTeX's escape features (HO)
) (/usr/local/texlive/2023/texmf-dist/tex/latex/hycolor/hycolor.sty
Package: hycolor 2020-01-27 v1.10 Color options for hyperref/bookmark (HO)
) (/usr/local/texlive/2023/texmf-dist/tex/latex/letltxmacro/letltxmacro.sty
Package: letltxmacro 2019/12/03 v1.6 Let assignment for LaTeX macros (HO)
) (/usr/local/texlive/2023/texmf-dist/tex/latex/auxhook/auxhook.sty
Package: auxhook 2019-12-17 v1.6 Hooks for auxiliary files (HO)
) (/usr/local/texlive/2023/texmf-dist/tex/latex/hyperref/nameref.sty
Package: nameref 2022-05-17 v2.50 Cross-referencing by name of section
 (/usr/local/texlive/2023/texmf-dist/tex/latex/refcount/refcount.sty
Package: refcount 2019/12/15 v3.6 Data extraction from label references (HO)
) (/usr/local/texlive/2023/texmf-dist/tex/generic/gettitlestring/gettitlestring.sty
Package: gettitlestring 2019/12/15 v1.6 Cleanup title references (HO)
 (/usr/local/texlive/2023/texmf-dist/tex/latex/kvoptions/kvoptions.sty
Package: kvoptions 2022-06-15 v3.15 Key value format for package options (HO)
))
\c@section@level=\count193
)
\@linkdim=\dimen146
\Hy@linkcounter=\count194
\Hy@pagecounter=\count195
 (/usr/local/texlive/2023/texmf-dist/tex/latex/hyperref/pd1enc.def
File: pd1enc.def 2023-02-07 v7.00v Hyperref: PDFDocEncoding definition (HO)
Now handling font encoding PD1 ...
... no UTF-8 mapping file for font encoding PD1
) (/usr/local/texlive/2023/texmf-dist/tex/generic/intcalc/intcalc.sty
Package: intcalc 2019/12/15 v1.3 Expandable calculations with integers (HO)
) (/usr/local/texlive/2023/texmf-dist/tex/generic/etexcmds/etexcmds.sty
Package: etexcmds 2019/12/15 v1.7 Avoid name clashes with e-TeX commands (HO)
)
\Hy@SavedSpaceFactor=\count196
 (/usr/local/texlive/2023/texmf-dist/tex/latex/hyperref/puenc.def
File: puenc.def 2023-02-07 v7.00v Hyperref: PDF Unicode definition (HO)
Now handling font encoding PU ...
... no UTF-8 mapping file for font encoding PU
)
Package hyperref Info: Hyper figures OFF on input line 4177.
Package hyperref Info: Link nesting OFF on input line 4182.
Package hyperref Info: Hyper index ON on input line 4185.
Package hyperref Info: Plain pages OFF on input line 4192.
Package hyperref Info: Backreferencing OFF on input line 4197.
Package hyperref Info: Implicit mode ON; LaTeX internals redefined.
Package hyperref Info: Bookmarks ON on input line 4425.
\c@Hy@tempcnt=\count197
 (/usr/local/texlive/2023/texmf-dist/tex/latex/url/url.sty
\Urlmuskip=\muskip16
Package: url 2013/09/16  ver 3.4  Verb mode for urls, etc.
)
LaTeX Info: Redefining \url on input line 4763.
\XeTeXLinkMargin=\dimen147
 (/usr/local/texlive/2023/texmf-dist/tex/generic/bitset/bitset.sty
Package: bitset 2019/12/09 v1.3 Handle bit-vector datatype (HO)
 (/usr/local/texlive/2023/texmf-dist/tex/generic/bigintcalc/bigintcalc.sty
Package: bigintcalc 2019/12/15 v1.5 Expandable calculations on big integers (HO)
))
\Fld@menulength=\count198
\Field@Width=\dimen148
\Fld@charsize=\dimen149
Package hyperref Info: Hyper figures OFF on input line 6042.
Package hyperref Info: Link nesting OFF on input line 6047.
Package hyperref Info: Hyper index ON on input line 6050.
Package hyperref Info: backreferencing OFF on input line 6057.
Package hyperref Info: Link coloring OFF on input line 6062.
Package hyperref Info: Link coloring with OCG OFF on input line 6067.
Package hyperref Info: PDF/A mode OFF on input line 6072.
 (/usr/local/texlive/2023/texmf-dist/tex/latex/base/atbegshi-ltx.sty
Package: atbegshi-ltx 2021/01/10 v1.0c Emulation of the original atbegshi
package with kernel methods
)
\Hy@abspage=\count199
\c@Item=\count266
\c@Hfootnote=\count267
)
Package hyperref Info: Driver (autodetected): hpdftex.
 (/usr/local/texlive/2023/texmf-dist/tex/latex/hyperref/hpdftex.def
File: hpdftex.def 2023-02-07 v7.00v Hyperref driver for pdfTeX
 (/usr/local/texlive/2023/texmf-dist/tex/latex/base/atveryend-ltx.sty
Package: atveryend-ltx 2020/08/19 v1.0a Emulation of the original atveryend package
with kernel methods
)
\Fld@listcount=\count268
\c@bookmark@seq@number=\count269
 (/usr/local/texlive/2023/texmf-dist/tex/latex/rerunfilecheck/rerunfilecheck.sty
Package: rerunfilecheck 2022-07-10 v1.10 Rerun checks for auxiliary files (HO)
 (/usr/local/texlive/2023/texmf-dist/tex/generic/uniquecounter/uniquecounter.sty
Package: uniquecounter 2019/12/15 v1.4 Provide unlimited unique counter (HO)
)
Package uniquecounter Info: New unique counter `rerunfilecheck' on input line 285.
)
\Hy@SectionHShift=\skip52
) (/usr/local/texlive/2023/texmf-dist/tex/latex/amsmath/amsmath.sty
Package: amsmath 2022/04/08 v2.17n AMS math features
\@mathmargin=\skip53

For additional information on amsmath, use the `?' option.
(/usr/local/texlive/2023/texmf-dist/tex/latex/amsmath/amstext.sty
Package: amstext 2021/08/26 v2.01 AMS text
 (/usr/local/texlive/2023/texmf-dist/tex/latex/amsmath/amsgen.sty
File: amsgen.sty 1999/11/30 v2.0 generic functions
\@emptytoks=\toks18
\ex@=\dimen150
)) (/usr/local/texlive/2023/texmf-dist/tex/latex/amsmath/amsbsy.sty
Package: amsbsy 1999/11/29 v1.2d Bold Symbols
\pmbraise@=\dimen151
) (/usr/local/texlive/2023/texmf-dist/tex/latex/amsmath/amsopn.sty
Package: amsopn 2022/04/08 v2.04 operator names
)
\inf@bad=\count270
LaTeX Info: Redefining \frac on input line 234.
\uproot@=\count271
\leftroot@=\count272
LaTeX Info: Redefining \overline on input line 399.
LaTeX Info: Redefining \colon on input line 410.
\classnum@=\count273
\DOTSCASE@=\count274
LaTeX Info: Redefining \ldots on input line 496.
LaTeX Info: Redefining \dots on input line 499.
LaTeX Info: Redefining \cdots on input line 620.
\Mathstrutbox@=\box52
\strutbox@=\box53
LaTeX Info: Redefining \big on input line 722.
LaTeX Info: Redefining \Big on input line 723.
LaTeX Info: Redefining \bigg on input line 724.
LaTeX Info: Redefining \Bigg on input line 725.
\big@size=\dimen152
LaTeX Font Info:    Redeclaring font encoding OML on input line 743.
LaTeX Font Info:    Redeclaring font encoding OMS on input line 744.
\macc@depth=\count275
LaTeX Info: Redefining \bmod on input line 905.
LaTeX Info: Redefining \pmod on input line 910.
LaTeX Info: Redefining \smash on input line 940.
LaTeX Info: Redefining \relbar on input line 970.
LaTeX Info: Redefining \Relbar on input line 971.
\c@MaxMatrixCols=\count276
\dotsspace@=\muskip17
\c@parentequation=\count277
\dspbrk@lvl=\count278
\tag@help=\toks19
\row@=\count279
\column@=\count280
\maxfields@=\count281
\andhelp@=\toks20
\eqnshift@=\dimen153
\alignsep@=\dimen154
\tagshift@=\dimen155
\tagwidth@=\dimen156
\totwidth@=\dimen157
\lineht@=\dimen158
\@envbody=\toks21
\multlinegap=\skip54
\multlinetaggap=\skip55
\mathdisplay@stack=\toks22
LaTeX Info: Redefining \[ on input line 2953.
LaTeX Info: Redefining \] on input line 2954.
) (/usr/local/texlive/2023/texmf-dist/tex/latex/amsfonts/amssymb.sty
Package: amssymb 2013/01/14 v3.01 AMS font symbols
 (/usr/local/texlive/2023/texmf-dist/tex/latex/amsfonts/amsfonts.sty
Package: amsfonts 2013/01/14 v3.01 Basic AMSFonts support
\symAMSa=\mathgroup4
\symAMSb=\mathgroup5
LaTeX Font Info:    Redeclaring math symbol \hbar on input line 98.
LaTeX Font Info:    Overwriting math alphabet `\mathfrak' in version `bold'
(Font)                  U/euf/m/n --> U/euf/b/n on input line 106.
)) (/usr/local/texlive/2023/texmf-dist/tex/latex/setspace/setspace.sty
Package: setspace 2022/12/04 v6.7b set line spacing
) (/usr/local/texlive/2023/texmf-dist/tex/latex/fancyhdr/fancyhdr.sty
Package: fancyhdr 2022/11/09 v4.1 Extensive control of page headers and footers
\f@nch@headwidth=\skip56
\f@nch@O@elh=\skip57
\f@nch@O@erh=\skip58
\f@nch@O@olh=\skip59
\f@nch@O@orh=\skip60
\f@nch@O@elf=\skip61
\f@nch@O@erf=\skip62
\f@nch@O@olf=\skip63
\f@nch@O@orf=\skip64
) (/usr/local/texlive/2023/texmf-dist/tex/latex/lastpage/lastpage.sty
Package: lastpage 2023/03/07 v2.0a lastpage: 2.09 or 2e? (HMM)
 (/usr/local/texlive/2023/texmf-dist/tex/latex/lastpage/lastpage2e.sty
Package: lastpage2e 2023/03/07 v2.0a Decide which 2e lastpage version to use (HMM)
 (/usr/local/texlive/2023/texmf-dist/tex/latex/lastpage/lastpagemodern.sty
Package: lastpagemodern 2023-03-07 v2.0a Refers to last page's name (HMM; JPG)
) 
)) (/usr/local/texlive/2023/texmf-dist/tex/latex/preprint/authblk.sty
Package: authblk 2001/02/27 1.3 (PWD)
\affilsep=\skip65
\@affilsep=\skip66
\c@Maxaffil=\count282
\c@authors=\count283
\c@affil=\count284
) (/usr/local/texlive/2023/texmf-dist/tex/latex/enumitem/enumitem.sty
Package: enumitem 2019/06/20 v3.9 Customized lists
\labelindent=\skip67
\enit@outerparindent=\dimen159
\enit@toks=\toks23
\enit@inbox=\box54
\enit@count@id=\count285
\enitdp@description=\count286
) (/usr/local/texlive/2023/texmf-dist/tex/latex/graphics/graphicx.sty
Package: graphicx 2021/09/16 v1.2d Enhanced LaTeX Graphics (DPC,SPQR)
 (/usr/local/texlive/2023/texmf-dist/tex/latex/graphics/graphics.sty
Package: graphics 2022/03/10 v1.4e Standard LaTeX Graphics (DPC,SPQR)
 (/usr/local/texlive/2023/texmf-dist/tex/latex/graphics/trig.sty
Package: trig 2021/08/11 v1.11 sin cos tan (DPC)
) (/usr/local/texlive/2023/texmf-dist/tex/latex/graphics-cfg/graphics.cfg
File: graphics.cfg 2016/06/04 v1.11 sample graphics configuration
)
Package graphics Info: Driver file: pdftex.def on input line 107.
 (/usr/local/texlive/2023/texmf-dist/tex/latex/graphics-def/pdftex.def
File: pdftex.def 2022/09/22 v1.2b Graphics/color driver for pdftex
))
\Gin@req@height=\dimen160
\Gin@req@width=\dimen161
) (/usr/local/texlive/2023/texmf-dist/tex/latex/tools/array.sty
Package: array 2022/09/04 v2.5g Tabular extension package (FMi)
\col@sep=\dimen162
\ar@mcellbox=\box55
\extrarowheight=\dimen163
\NC@list=\toks24
\extratabsurround=\skip68
\backup@length=\skip69
\ar@cellbox=\box56
) (/usr/local/texlive/2023/texmf-dist/tex/latex/adjustbox/adjustbox.sty
Package: adjustbox 2022/10/17 v1.3a Adjusting TeX boxes (trim, clip, ...)
 (/usr/local/texlive/2023/texmf-dist/tex/latex/xkeyval/xkeyval.sty
Package: xkeyval 2022/06/16 v2.9 package option processing (HA)
 (/usr/local/texlive/2023/texmf-dist/tex/generic/xkeyval/xkeyval.tex (/usr/local/texlive/2023/texmf-dist/tex/generic/xkeyval/xkvutils.tex
\XKV@toks=\toks25
\XKV@tempa@toks=\toks26
)
\XKV@depth=\count287
File: xkeyval.tex 2014/12/03 v2.7a key=value parser (HA)
)) (/usr/local/texlive/2023/texmf-dist/tex/latex/adjustbox/adjcalc.sty
Package: adjcalc 2012/05/16 v1.1 Provides advanced setlength with multiple back-ends (calc, etex, pgfmath)
) (/usr/local/texlive/2023/texmf-dist/tex/latex/adjustbox/trimclip.sty
Package: trimclip 2020/08/19 v1.2 Trim and clip general TeX material
 (/usr/local/texlive/2023/texmf-dist/tex/latex/collectbox/collectbox.sty
Package: collectbox 2022/10/17 v0.4c Collect macro arguments as boxes
\collectedbox=\box57
)
\tc@llx=\dimen164
\tc@lly=\dimen165
\tc@urx=\dimen166
\tc@ury=\dimen167
Package trimclip Info: Using driver 'tc-pdftex.def'.
 (/usr/local/texlive/2023/texmf-dist/tex/latex/adjustbox/tc-pdftex.def
File: tc-pdftex.def 2019/01/04 v2.2 Clipping driver for pdftex
))
\adjbox@Width=\dimen168
\adjbox@Height=\dimen169
\adjbox@Depth=\dimen170
\adjbox@Totalheight=\dimen171
\adjbox@pwidth=\dimen172
\adjbox@pheight=\dimen173
\adjbox@pdepth=\dimen174
\adjbox@ptotalheight=\dimen175
 (/usr/local/texlive/2023/texmf-dist/tex/latex/ifoddpage/ifoddpage.sty
Package: ifoddpage 2022/10/18 v1.2 Conditionals for odd/even page detection
\c@checkoddpage=\count288
) (/usr/local/texlive/2023/texmf-dist/tex/latex/varwidth/varwidth.sty
Package: varwidth 2009/03/30 ver 0.92;  Variable-width minipages
\@vwid@box=\box58
\sift@deathcycles=\count289
\@vwid@loff=\dimen176
\@vwid@roff=\dimen177
)) (/usr/local/texlive/2023/texmf-dist/tex/latex/appendix/appendix.sty
Package: appendix 2020/02/08 v1.2c extra appendix facilities
\c@@pps=\count290
\c@@ppsavesec=\count291
\c@@ppsaveapp=\count292
) (/usr/local/texlive/2023/texmf-dist/tex/latex/listings/listings.sty
\lst@mode=\count293
\lst@gtempboxa=\box59
\lst@token=\toks27
\lst@length=\count294
\lst@currlwidth=\dimen178
\lst@column=\count295
\lst@pos=\count296
\lst@lostspace=\dimen179
\lst@width=\dimen180
\lst@newlines=\count297
\lst@lineno=\count298
\lst@maxwidth=\dimen181
 (/usr/local/texlive/2023/texmf-dist/tex/latex/listings/lstmisc.sty
File: lstmisc.sty 2023/02/27 1.9 (Carsten Heinz)
\c@lstnumber=\count299
\lst@skipnumbers=\count300
\lst@framebox=\box60
) (/usr/local/texlive/2023/texmf-dist/tex/latex/listings/listings.cfg
File: listings.cfg 2023/02/27 1.9 listings configuration
))
Package: listings 2023/02/27 1.9 (Carsten Heinz)
 (/usr/local/texlive/2023/texmf-dist/tex/latex/graphics/color.sty
Package: color 2022/01/06 v1.3d Standard LaTeX Color (DPC)
 (/usr/local/texlive/2023/texmf-dist/tex/latex/graphics-cfg/color.cfg
File: color.cfg 2016/01/02 v1.6 sample color configuration
)
Package color Info: Driver file: pdftex.def on input line 149.
 (/usr/local/texlive/2023/texmf-dist/tex/latex/graphics/mathcolor.ltx)) (/usr/local/texlive/2023/texmf-dist/tex/latex/lipsum/lipsum.sty (/usr/local/texlive/2023/texmf-dist/tex/latex/l3packages/l3keys2e/l3keys2e.sty (/usr/local/texlive/2023/texmf-dist/tex/latex/l3kernel/expl3.sty
Package: expl3 2023-02-22 L3 programming layer (loader) 
 (/usr/local/texlive/2023/texmf-dist/tex/latex/l3backend/l3backend-pdftex.def
File: l3backend-pdftex.def 2023-01-16 L3 backend support: PDF output (pdfTeX)
\l__color_backend_stack_int=\count301
\l__pdf_internal_box=\box61
))
Package: l3keys2e 2023-02-02 LaTeX2e option processing using LaTeX3 keys
)
Package: lipsum 2021-09-20 v2.7 150 paragraphs of Lorem Ipsum dummy text
\g__lipsum_par_int=\count302
\l__lipsum_a_int=\count303
\l__lipsum_b_int=\count304
 (/usr/local/texlive/2023/texmf-dist/tex/latex/lipsum/lipsum.ltd.tex)) (/usr/local/texlive/2023/texmf-dist/tex/latex/float/float.sty
Package: float 2001/11/08 v1.3d Float enhancements (AL)
\c@float@type=\count305
\float@exts=\toks28
\float@box=\box62
\@float@everytoks=\toks29
\@floatcapt=\box63
) (/usr/local/texlive/2023/texmf-dist/tex/latex/subfig/subfig.sty
Package: subfig 2005/06/28 ver: 1.3 subfig package
 (/usr/local/texlive/2023/texmf-dist/tex/latex/caption/caption.sty
Package: caption 2023/03/12 v3.6j Customizing captions (AR)
 (/usr/local/texlive/2023/texmf-dist/tex/latex/caption/caption3.sty
Package: caption3 2023/03/12 v2.4 caption3 kernel (AR)
\caption@tempdima=\dimen182
\captionmargin=\dimen183
\caption@leftmargin=\dimen184
\caption@rightmargin=\dimen185
\caption@width=\dimen186
\caption@indent=\dimen187
\caption@parindent=\dimen188
\caption@hangindent=\dimen189
Package caption Info: Standard document class detected.
)
\c@caption@flags=\count306
\c@continuedfloat=\count307
Package caption Info: float package is loaded.
Package caption Info: hyperref package is loaded.
Package caption Info: listings package is loaded.
)
\c@KVtest=\count308
\sf@farskip=\skip70
\sf@captopadj=\dimen190
\sf@capskip=\skip71
\sf@nearskip=\skip72
\c@subfigure=\count309
\c@subfigure@save=\count310
\c@lofdepth=\count311
\c@subtable=\count312
\c@subtable@save=\count313
\c@lotdepth=\count314
\sf@top=\skip73
\sf@bottom=\skip74
) (/usr/local/texlive/2023/texmf-dist/tex/latex/ragged2e/ragged2e.sty
Package: ragged2e 2023/02/25 v3.4 ragged2e Package


LaTeX Warning: Command \@arrayparboxrestore  has changed.
               Check if current package is valid.

\CenteringLeftskip=\skip75
\RaggedLeftLeftskip=\skip76
\RaggedRightLeftskip=\skip77
\CenteringRightskip=\skip78
\RaggedLeftRightskip=\skip79
\RaggedRightRightskip=\skip80
\CenteringParfillskip=\skip81
\RaggedLeftParfillskip=\skip82
\RaggedRightParfillskip=\skip83
\JustifyingParfillskip=\skip84
\CenteringParindent=\skip85
\RaggedLeftParindent=\skip86
\RaggedRightParindent=\skip87
\JustifyingParindent=\skip88
) (/usr/local/texlive/2023/texmf-dist/tex/latex/microtype/microtype.sty
Package: microtype 2023/03/13 v3.1a Micro-typographical refinements (RS)
 (/usr/local/texlive/2023/texmf-dist/tex/latex/etoolbox/etoolbox.sty
Package: etoolbox 2020/10/05 v2.5k e-TeX tools for LaTeX (JAW)
\etb@tempcnta=\count315
)
\MT@toks=\toks30
\MT@tempbox=\box64
\MT@count=\count316
LaTeX Info: Redefining \noprotrusionifhmode on input line 1059.
LaTeX Info: Redefining \leftprotrusion on input line 1060.
\MT@prot@toks=\toks31
LaTeX Info: Redefining \rightprotrusion on input line 1078.
LaTeX Info: Redefining \textls on input line 1368.
\MT@outer@kern=\dimen191
LaTeX Info: Redefining \textmicrotypecontext on input line 1988.
\MT@listname@count=\count317
 (/usr/local/texlive/2023/texmf-dist/tex/latex/microtype/microtype-pdftex.def
File: microtype-pdftex.def 2023/03/13 v3.1a Definitions specific to pdftex (RS)
LaTeX Info: Redefining \lsstyle on input line 902.
LaTeX Info: Redefining \lslig on input line 902.
\MT@outer@space=\skip89
)
Package microtype Info: Loading configuration file microtype.cfg.
 (/usr/local/texlive/2023/texmf-dist/tex/latex/microtype/microtype.cfg
File: microtype.cfg 2023/03/13 v3.1a microtype main configuration file (RS)
)) (/usr/local/texlive/2023/texmf-dist/tex/latex/geometry/geometry.sty
Package: geometry 2020/01/02 v5.9 Page Geometry
 (/usr/local/texlive/2023/texmf-dist/tex/generic/iftex/ifvtex.sty
Package: ifvtex 2019/10/25 v1.7 ifvtex legacy package. Use iftex instead.
)
\Gm@cnth=\count318
\Gm@cntv=\count319
\c@Gm@tempcnt=\count320
\Gm@bindingoffset=\dimen192
\Gm@wd@mp=\dimen193
\Gm@odd@mp=\dimen194
\Gm@even@mp=\dimen195
\Gm@layoutwidth=\dimen196
\Gm@layoutheight=\dimen197
\Gm@layouthoffset=\dimen198
\Gm@layoutvoffset=\dimen199
\Gm@dimlist=\toks32
) (/usr/local/texlive/2023/texmf-dist/tex/latex/tools/longtable.sty
Package: longtable 2021-09-01 v4.17 Multi-page Table package (DPC)
\LTleft=\skip90
\LTright=\skip91
\LTpre=\skip92
\LTpost=\skip93
\LTchunksize=\count321
\LTcapwidth=\dimen256
\LT@head=\box65
\LT@firsthead=\box66
\LT@foot=\box67
\LT@lastfoot=\box68
\LT@gbox=\box69
\LT@cols=\count322
\LT@rows=\count323
\c@LT@tables=\count324
\c@LT@chunks=\count325
\LT@p@ftn=\toks33
) (/usr/local/texlive/2023/texmf-dist/tex/latex/listings/lstlang1.sty
File: lstlang1.sty 2023/02/27 1.9 listings language file
) (./final.aux)
\openout1 = `final.aux'.

LaTeX Font Info:    Checking defaults for OML/cmm/m/it on input line 57.
LaTeX Font Info:    ... okay on input line 57.
LaTeX Font Info:    Checking defaults for OMS/cmsy/m/n on input line 57.
LaTeX Font Info:    ... okay on input line 57.
LaTeX Font Info:    Checking defaults for OT1/cmr/m/n on input line 57.
LaTeX Font Info:    ... okay on input line 57.
LaTeX Font Info:    Checking defaults for T1/cmr/m/n on input line 57.
LaTeX Font Info:    ... okay on input line 57.
LaTeX Font Info:    Checking defaults for TS1/cmr/m/n on input line 57.
LaTeX Font Info:    ... okay on input line 57.
LaTeX Font Info:    Checking defaults for OMX/cmex/m/n on input line 57.
LaTeX Font Info:    ... okay on input line 57.
LaTeX Font Info:    Checking defaults for U/cmr/m/n on input line 57.
LaTeX Font Info:    ... okay on input line 57.
LaTeX Font Info:    Checking defaults for PD1/pdf/m/n on input line 57.
LaTeX Font Info:    ... okay on input line 57.
LaTeX Font Info:    Checking defaults for PU/pdf/m/n on input line 57.
LaTeX Font Info:    ... okay on input line 57.
Package hyperref Info: Link coloring OFF on input line 57.
 (./final.out) (./final.out)
\@outlinefile=\write3
\openout3 = `final.out'.

 (/usr/local/texlive/2023/texmf-dist/tex/context/base/mkii/supp-pdf.mkii
[Loading MPS to PDF converter (version 2006.09.02).]
\scratchcounter=\count326
\scratchdimen=\dimen257
\scratchbox=\box70
\nofMPsegments=\count327
\nofMParguments=\count328
\everyMPshowfont=\toks34
\MPscratchCnt=\count329
\MPscratchDim=\dimen258
\MPnumerator=\count330
\makeMPintoPDFobject=\count331
\everyMPtoPDFconversion=\toks35
) (/usr/local/texlive/2023/texmf-dist/tex/latex/epstopdf-pkg/epstopdf-base.sty
Package: epstopdf-base 2020-01-24 v2.11 Base part for package epstopdf
Package epstopdf-base Info: Redefining graphics rule for `.eps' on input line 485.
 (/usr/local/texlive/2023/texmf-dist/tex/latex/latexconfig/epstopdf-sys.cfg
File: epstopdf-sys.cfg 2010/07/13 v1.3 Configuration of (r)epstopdf for TeX Live
))
\c@lstlisting=\count332
Package caption Info: Begin \AtBeginDocument code.
Package caption Info: subfig package v1.3 is loaded.
Package caption Info: longtable package is loaded.
 (/usr/local/texlive/2023/texmf-dist/tex/latex/caption/ltcaption.sty
Package: ltcaption 2021/01/08 v1.4c longtable captions (AR)
)
Package caption Info: End \AtBeginDocument code.
LaTeX Info: Redefining \microtypecontext on input line 57.
Package microtype Info: Applying patch `item' on input line 57.
Package microtype Info: Applying patch `toc' on input line 57.
Package microtype Info: Applying patch `eqnum' on input line 57.


Package microtype Warning: Unable to apply patch `footnote' on input line 57.

Package microtype Info: Applying patch `verbatim' on input line 57.
Package microtype Info: Generating PDF output.
Package microtype Info: Character protrusion enabled (level 2).
Package microtype Info: Using default protrusion set `alltext'.
Package microtype Info: Automatic font expansion enabled (level 2),
(microtype)             stretch: 20, shrink: 20, step: 1, non-selected.
Package microtype Info: Using default expansion set `alltext-nott'.
LaTeX Info: Redefining \showhyphens on input line 57.
Package microtype Info: No adjustment of tracking.
Package microtype Info: No adjustment of interword spacing.
Package microtype Info: No adjustment of character kerning.
(/usr/local/texlive/2023/texmf-dist/tex/latex/microtype/mt-cmr.cfg
File: mt-cmr.cfg 2013/05/19 v2.2 microtype config. file: Computer Modern Roman (RS)
)
*geometry* driver: auto-detecting
*geometry* detected driver: pdftex
*geometry* verbose mode - [ preamble ] result:
* driver: pdftex
* paper: <default>
* layout: <same size as paper>
* layoutoffset:(h,v)=(0.0pt,0.0pt)
* modes: 
* h-part:(L,W,R)=(72.26999pt, 469.75502pt, 72.26999pt)
* v-part:(T,H,B)=(72.26999pt, 650.43001pt, 72.26999pt)
* \paperwidth=614.295pt
* \paperheight=794.96999pt
* \textwidth=469.75502pt
* \textheight=650.43001pt
* \oddsidemargin=0.0pt
* \evensidemargin=0.0pt
* \topmargin=-37.0pt
* \headheight=12.0pt
* \headsep=25.0pt
* \topskip=12.0pt
* \footskip=30.0pt
* \marginparwidth=44.0pt
* \marginparsep=10.0pt
* \columnsep=10.0pt
* \skip\footins=10.8pt plus 4.0pt minus 2.0pt
* \hoffset=0.0pt
* \voffset=0.0pt
* \mag=1000
* \@twocolumnfalse
* \@twosidefalse
* \@mparswitchfalse
* \@reversemarginfalse
* (1in=72.27pt=25.4mm, 1cm=28.453pt)

LaTeX Font Info:    Trying to load font information for U+msa on input line 83.
(/usr/local/texlive/2023/texmf-dist/tex/latex/amsfonts/umsa.fd
File: umsa.fd 2013/01/14 v3.01 AMS symbols A
) (/usr/local/texlive/2023/texmf-dist/tex/latex/microtype/mt-msa.cfg
File: mt-msa.cfg 2006/02/04 v1.1 microtype config. file: AMS symbols (a) (RS)
)
LaTeX Font Info:    Trying to load font information for U+msb on input line 83.
 (/usr/local/texlive/2023/texmf-dist/tex/latex/amsfonts/umsb.fd
File: umsb.fd 2013/01/14 v3.01 AMS symbols B
) (/usr/local/texlive/2023/texmf-dist/tex/latex/microtype/mt-msb.cfg
File: mt-msb.cfg 2005/06/01 v1.0 microtype config. file: AMS symbols (b) (RS)
) [1

{/usr/local/texlive/2023/texmf-var/fonts/map/pdftex/updmap/pdftex.map}]
pdfTeX warning (ext4): destination with the same identifier (name{page.1}) has been already used, duplicate ignored
<to be read again> 
                   \relax 
l.104 \newpage
               [1] (./final.toc [2] [3] [4])
\tf@toc=\write4
\openout4 = `final.toc'.

 [5] [6] [7] [8] [9] [10] [11] [12] [13] [14] [15] [16] [17] [18]
<./modeling-imgs//project-gnatt-chart.png, id=544, 587.19376pt x 150.5625pt>
File: ./modeling-imgs//project-gnatt-chart.png Graphic file (type png)
<use ./modeling-imgs//project-gnatt-chart.png>
Package pdftex.def Info: ./modeling-imgs//project-gnatt-chart.png  used on input line 253.
(pdftex.def)             Requested size: 469.46893pt x 199.18878pt.
 [19 <./modeling-imgs//project-gnatt-chart.png>] [20] [21] [22] [23] [24] [25] [26]
<./modeling-imgs//system-context-diagram.png, id=591, 1379.1525pt x 1493.58pt>
File: ./modeling-imgs//system-context-diagram.png Graphic file (type png)
<use ./modeling-imgs//system-context-diagram.png>
Package pdftex.def Info: ./modeling-imgs//system-context-diagram.png  used on input line 337.
(pdftex.def)             Requested size: 422.77689pt x 457.85443pt.
 [27 <./modeling-imgs//system-context-diagram.png (PNG copy)>] [28] [29] [30] [31{/usr/local/texlive/2023/texmf-dist/fonts/enc/dvips/cm-super/cm-super-ts1.enc}] [32] [33] [34] [35] [36] [37] [38] [39]
<./modeling-imgs//entity-relationship-diagram.png, id=705, 1491.5725pt x 1552.80125pt>
File: ./modeling-imgs//entity-relationship-diagram.png Graphic file (type png)
<use ./modeling-imgs//entity-relationship-diagram.png>
Package pdftex.def Info: ./modeling-imgs//entity-relationship-diagram.png  used on input line 591.
(pdftex.def)             Requested size: 426.78679pt x 426.77289pt.
<./modeling-imgs//domain-class-diagram.png, id=707, 2535.4725pt x 1548.78625pt>
File: ./modeling-imgs//domain-class-diagram.png Graphic file (type png)
<use ./modeling-imgs//domain-class-diagram.png>
Package pdftex.def Info: ./modeling-imgs//domain-class-diagram.png  used on input line 604.
(pdftex.def)             Requested size: 426.76894pt x 426.78012pt.
 [40] [41 <./modeling-imgs//entity-relationship-diagram.png (PNG copy)>] [42 <./modeling-imgs//domain-class-diagram.png (PNG copy)>]
<./modeling-imgs//create-student.png, id=724, 688.5725pt x 977.6525pt>
File: ./modeling-imgs//create-student.png Graphic file (type png)
<use ./modeling-imgs//create-student.png>
Package pdftex.def Info: ./modeling-imgs//create-student.png  used on input line 623.
(pdftex.def)             Requested size: 341.42755pt x 341.4376pt.
 [43 <./modeling-imgs//create-student.png (PNG copy)>]
<./modeling-imgs//create-program-enrollment.png, id=731, 764.8575pt x 1045.9075pt>
File: ./modeling-imgs//create-program-enrollment.png Graphic file (type png)
<use ./modeling-imgs//create-program-enrollment.png>
Package pdftex.def Info: ./modeling-imgs//create-program-enrollment.png  used on input line 632.
(pdftex.def)             Requested size: 341.42839pt x 341.43204pt.
 [44 <./modeling-imgs//create-program-enrollment.png (PNG copy)>]
Overfull \hbox (10.68904pt too wide) in alignment at lines 642--645
[] [] 
 []


Overfull \hbox (10.68904pt too wide) in alignment at lines 645--649
[] [] 
 []


Overfull \hbox (10.68904pt too wide) in alignment at lines 649--650
[] [] 
 []


Overfull \hbox (10.68904pt too wide) in alignment at lines 650--651
[] [] 
 []


Overfull \hbox (10.68904pt too wide) in alignment at lines 651--677
[] [] 
 []

[45]
Overfull \hbox (10.68904pt too wide) in alignment at lines 679--682
[] [] 
 []


Overfull \hbox (10.68904pt too wide) in alignment at lines 682--685
[] [] 
 []


Overfull \hbox (10.68904pt too wide) in alignment at lines 685--686
[] [] 
 []


Overfull \hbox (10.68904pt too wide) in alignment at lines 686--687
[] [] 
 []


Overfull \hbox (10.68904pt too wide) in alignment at lines 687--710
[] [] 
 []

[46] [47] [48] [49] [50] [51] [52] [53]
<./modeling-imgs//apex-trigger.png, id=777, 1200.485pt x 720.6925pt>
File: ./modeling-imgs//apex-trigger.png Graphic file (type png)
<use ./modeling-imgs//apex-trigger.png>
Package pdftex.def Info: ./modeling-imgs//apex-trigger.png  used on input line 781.
(pdftex.def)             Requested size: 1200.48209pt x 720.69075pt.
 [54 <./modeling-imgs//apex-trigger.png>] [55] [56] [57] [58] [59]
Package microtype Info: Loading generic protrusion settings for font family
(microtype)             `cmtt' (encoding: OT1).
(microtype)             For optimal results, create family-specific settings.
(microtype)             See the microtype manual for details.
 [60] [61] [62] [63] [64] [65] [66] [67] [68] [69] [70] [71] [72] [73] [74] [75] [76] [77]
LaTeX Font Info:    Trying to load font information for TS1+cmtt on input line 1282.
 (/usr/local/texlive/2023/texmf-dist/tex/latex/base/ts1cmtt.fd
File: ts1cmtt.fd 2022/07/10 v2.5l Standard LaTeX font definitions
)
Package microtype Info: Loading generic protrusion settings for font family
(microtype)             `cmtt' (encoding: TS1).
(microtype)             For optimal results, create family-specific settings.
(microtype)             See the microtype manual for details.
 [78] [79] [80] [81] [82] [83] [84] [85] [86] [87] [88] [89] [90] [91] [92] [93]
<./report-imgs//course-enrollment-demand.png, id=1677, 962.59625pt x 537.00626pt>
File: ./report-imgs//course-enrollment-demand.png Graphic file (type png)
<use ./report-imgs//course-enrollment-demand.png>
Package pdftex.def Info: ./report-imgs//course-enrollment-demand.png  used on input line 1683.
(pdftex.def)             Requested size: 962.5939pt x 537.00494pt.
<./report-imgs//planned-courses.png, id=1678, 1784.6675pt x 279.0425pt>
File: ./report-imgs//planned-courses.png Graphic file (type png)
<use ./report-imgs//planned-courses.png>
Package pdftex.def Info: ./report-imgs//planned-courses.png  used on input line 1691.
(pdftex.def)             Requested size: 1784.66316pt x 279.04181pt.
 [94 <./report-imgs//course-enrollment-demand.png (PNG copy)> <./report-imgs//planned-courses.png>]
<./report-imgs//planned-course-csv-output.png, id=1687, 512.91624pt x 223.83624pt>
File: ./report-imgs//planned-course-csv-output.png Graphic file (type png)
<use ./report-imgs//planned-course-csv-output.png>
Package pdftex.def Info: ./report-imgs//planned-course-csv-output.png  used on input line 1700.
(pdftex.def)             Requested size: 512.915pt x 223.8357pt.
 [95 <./report-imgs//planned-course-csv-output.png>] [96] [97] [98]
<./modeling-imgs//entity-relationship-diagram-with-attr.png, id=1707, 1896.08376pt x 2929.94624pt>
File: ./modeling-imgs//entity-relationship-diagram-with-attr.png Graphic file (type png)
<use ./modeling-imgs//entity-relationship-diagram-with-attr.png>
Package pdftex.def Info: ./modeling-imgs//entity-relationship-diagram-with-attr.png  used on input line 1732.
(pdftex.def)             Requested size: 469.75502pt x 443.91142pt.
File: ./modeling-imgs//entity-relationship-diagram-with-attr.png Graphic file (type png)
<use ./modeling-imgs//entity-relationship-diagram-with-attr.png>
Package pdftex.def Info: ./modeling-imgs//entity-relationship-diagram-with-attr.png  used on input line 1740.
(pdftex.def)             Requested size: 469.75502pt x 549.64517pt.
 [99 <./modeling-imgs//entity-relationship-diagram-with-attr.png (PNG copy)>] [100] [101] [102]
<./modeling-imgs//domain-class-diagram-with-attr-1.png, id=1733, 2495.3225pt x 2507.3675pt>
File: ./modeling-imgs//domain-class-diagram-with-attr-1.png Graphic file (type png)
<use ./modeling-imgs//domain-class-diagram-with-attr-1.png>
Package pdftex.def Info: ./modeling-imgs//domain-class-diagram-with-attr-1.png  used on input line 1749.
(pdftex.def)             Requested size: 2495.31642pt x 2507.36139pt.
 [103

 <./modeling-imgs//domain-class-diagram-with-attr-1.png>]
<./modeling-imgs//domain-class-diagram-with-attr-2.png, id=1740, 2494.31876pt x 2484.28125pt>
File: ./modeling-imgs//domain-class-diagram-with-attr-2.png Graphic file (type png)
<use ./modeling-imgs//domain-class-diagram-with-attr-2.png>
Package pdftex.def Info: ./modeling-imgs//domain-class-diagram-with-attr-2.png  used on input line 1756.
(pdftex.def)             Requested size: 2494.3127pt x 2484.27522pt.
 [104 <./modeling-imgs//domain-class-diagram-with-attr-2.png>] [105] [106] [107] [108] [109] [110] [111] [112] [113] [114] [115] [116] [117] [118] [119] [120] [121] [122] [123] [124] [125] [126] [127] [128] [129] [130] [131] [132] [133] [134] [135] [136] [137] [138]
<./modeling-imgs//trigger-diagram.png, id=1989, 2214.2725pt x 1264.725pt>
File: ./modeling-imgs//trigger-diagram.png Graphic file (type png)
<use ./modeling-imgs//trigger-diagram.png>
Package pdftex.def Info: ./modeling-imgs//trigger-diagram.png  used on input line 2353.
(pdftex.def)             Requested size: 469.74113pt x 578.17181pt.
 [139] [140 <./modeling-imgs//trigger-diagram.png (PNG copy)>]
<./modeling-imgs//service-diagram.png, id=2005, 1882.03125pt x 958.58125pt>
File: ./modeling-imgs//service-diagram.png Graphic file (type png)
<use ./modeling-imgs//service-diagram.png>
Package pdftex.def Info: ./modeling-imgs//service-diagram.png  used on input line 2363.
(pdftex.def)             Requested size: 469.76001pt x 632.37305pt.

Overfull \vbox (6.44302pt too high) has occurred while \output is active []

 [141 <./modeling-imgs//service-diagram.png (PNG copy)>]
<./portal-imgs//add-concentration-form.png, id=2011, 545.03625pt x 344.28625pt>
File: ./portal-imgs//add-concentration-form.png Graphic file (type png)
<use ./portal-imgs//add-concentration-form.png>
Package pdftex.def Info: ./portal-imgs//add-concentration-form.png  used on input line 2371.
(pdftex.def)             Requested size: 545.03493pt x 344.2854pt.
<./portal-imgs//add-course-form.png, id=2012, 1435.3625pt x 449.68pt>
File: ./portal-imgs//add-course-form.png Graphic file (type png)
<use ./portal-imgs//add-course-form.png>
Package pdftex.def Info: ./portal-imgs//add-course-form.png  used on input line 2378.
(pdftex.def)             Requested size: 1435.35901pt x 449.6789pt.
<./portal-imgs//add-semester-form.png, id=2013, 1042.89626pt x 405.515pt>
File: ./portal-imgs//add-semester-form.png Graphic file (type png)
<use ./portal-imgs//add-semester-form.png>
Package pdftex.def Info: ./portal-imgs//add-semester-form.png  used on input line 2385.
(pdftex.def)             Requested size: 1042.89372pt x 405.51399pt.
<./portal-imgs//manage-plan-of-study.png, id=2014, 1385.175pt x 270.00874pt>
File: ./portal-imgs//manage-plan-of-study.png Graphic file (type png)
<use ./portal-imgs//manage-plan-of-study.png>
Package pdftex.def Info: ./portal-imgs//manage-plan-of-study.png  used on input line 2392.
(pdftex.def)             Requested size: 1385.17163pt x 270.00807pt.
<./portal-imgs//remove-course-form.png, id=2015, 1370.11874pt x 260.975pt>
File: ./portal-imgs//remove-course-form.png Graphic file (type png)
<use ./portal-imgs//remove-course-form.png>
Package pdftex.def Info: ./portal-imgs//remove-course-form.png  used on input line 2399.
(pdftex.def)             Requested size: 1370.1154pt x 260.97437pt.
<./portal-imgs//student-detail-page.png, id=2016, 614.295pt x 585.18625pt>
File: ./portal-imgs//student-detail-page.png Graphic file (type png)
<use ./portal-imgs//student-detail-page.png>
Package pdftex.def Info: ./portal-imgs//student-detail-page.png  used on input line 2406.
(pdftex.def)             Requested size: 614.29349pt x 585.18481pt.
<./portal-imgs//new-student-form.png, id=2017, 272.01625pt x 257.96375pt>
File: ./portal-imgs//new-student-form.png Graphic file (type png)
<use ./portal-imgs//new-student-form.png>
Package pdftex.def Info: ./portal-imgs//new-student-form.png  used on input line 2413.
(pdftex.def)             Requested size: 272.01558pt x 257.9631pt.
<./portal-imgs//all-students-table.png, id=2018, 928.46875pt x 653.44125pt>
File: ./portal-imgs//all-students-table.png Graphic file (type png)
<use ./portal-imgs//all-students-table.png>
Package pdftex.def Info: ./portal-imgs//all-students-table.png  used on input line 2420.
(pdftex.def)             Requested size: 928.46649pt x 653.43965pt.
<./portal-imgs//program-detail-page.png, id=2019, 929.4725pt x 680.5425pt>
File: ./portal-imgs//program-detail-page.png Graphic file (type png)
<use ./portal-imgs//program-detail-page.png>
Package pdftex.def Info: ./portal-imgs//program-detail-page.png  used on input line 2427.
(pdftex.def)             Requested size: 929.47025pt x 680.54083pt.
 [142 <./portal-imgs//add-concentration-form.png>] [143 <./portal-imgs//add-course-form.png> <./portal-imgs//add-semester-form.png> <./portal-imgs//manage-plan-of-study.png>] [144 <./portal-imgs//remove-course-form.png> <./portal-imgs//student-detail-page.png>] [145 <./portal-imgs//new-student-form.png>] [146 <./portal-imgs//all-students-table.png>] [147 <./portal-imgs//program-detail-page.png>] 
enddocument/afterlastpage: lastpage setting LastPage.
(./final.aux)
Package rerunfilecheck Info: File `final.out' has not changed.
(rerunfilecheck)             Checksum: 968D131E82D862C512BF74A0E5C1E036;16338.
 ) 
Here is how much of TeX's memory you used:
 20365 strings out of 476025
 333653 string characters out of 5790018
 1908388 words of memory out of 5000000
 39178 multiletter control sequences out of 15000+600000
 526685 words of font info for 158 fonts, out of 8000000 for 9000
 1141 hyphenation exceptions out of 8191
 85i,13n,133p,1237b,2160s stack positions out of 10000i,1000n,20000p,200000b,200000s
</usr/local/texlive/2023/texmf-dist/fonts/type1/public/amsfonts/cm/cmbx10.pfb></usr/local/texlive/2023/texmf-dist/fonts/type1/public/amsfonts/cm/cmbx12.pfb></usr/local/texlive/2023/texmf-dist/fonts/type1/public/amsfonts/cm/cmmi12.pfb></usr/local/texlive/2023/texmf-dist/fonts/type1/public/amsfonts/cm/cmr10.pfb></usr/local/texlive/2023/texmf-dist/fonts/type1/public/amsfonts/cm/cmr12.pfb></usr/local/texlive/2023/texmf-dist/fonts/type1/public/amsfonts/cm/cmsy10.pfb></usr/local/texlive/2023/texmf-dist/fonts/type1/public/amsfonts/cm/cmti12.pfb></usr/local/texlive/2023/texmf-dist/fonts/type1/public/amsfonts/cm/cmtt10.pfb></usr/local/texlive/2023/texmf-dist/fonts/type1/public/amsfonts/cm/cmtt12.pfb></usr/local/texlive/2023/texmf-dist/fonts/type1/public/cm-super/sfrm1200.pfb></usr/local/texlive/2023/texmf-dist/fonts/type1/public/cm-super/sftt1095.pfb>
Output written on final.pdf (148 pages, 3492532 bytes).
PDF statistics:
 2357 PDF objects out of 2487 (max. 8388607)
 2122 compressed objects within 22 object streams
 1166 named destinations out of 1200 (max. 500000)
 31029 words of extra memory for PDF output out of 35830 (max. 10000000)

